<?xml version="1.0" encoding="UTF-8"?>
<!-- Generated by org.testng.reporters.JUnitReportReporter -->
<testsuite skipped="0" hostname="DESKTOP-GKVTLDV" name="testcases.E2EProject.GetTitle" tests="1" failures="0" timestamp="13 Sep 2019 18:31:04 GMT" time="57.680" errors="0">
  <testcase name="validateTtle" time="57.680" classname="testcases.E2EProject.GetTitle"/>
</testsuite> <!-- testcases.E2EProject.GetTitle -->
