<?xml version="1.0" encoding="UTF-8"?>
<!-- Generated by org.testng.reporters.JUnitReportReporter -->
<testsuite skipped="0" hostname="DESKTOP-GKVTLDV" name="testcases.E2EProject.HomePage" tests="2" failures="0" timestamp="13 Sep 2019 18:31:04 GMT" time="52.474" errors="0">
  <testcase name="basePageNavigation" time="12.586" classname="testcases.E2EProject.HomePage"/>
  <testcase name="basePageNavigation" time="39.888" classname="testcases.E2EProject.HomePage"/>
</testsuite> <!-- testcases.E2EProject.HomePage -->
